$**************  SCADETOC Version 2019 R3 (build 20190802) **************
** Generation date: 2020-01-10T17:37:29
** Command: scade -code "C:\Users\USER\SCADE\LiftDoor\LiftDoor.etp" -root liftDoor -conf Simulation -sim -all
*************************************************************$
*** Generated Files Information (GENFIL): KCG- Generated files
  at file C:\Users\USER\SCADE\LiftDoor\Simulation\mapping.xml, line 0, character 0
 ~mapping.xml
  at file C:\Users\USER\SCADE\LiftDoor\Simulation\kcg_metrics.txt, line 0, character 0
 ~kcg_metrics.txt
  at file C:\Users\USER\SCADE\LiftDoor\Simulation\liftDoor.c, line 0, character 0
 ~liftDoor.c
  at file C:\Users\USER\SCADE\LiftDoor\Simulation\liftDoor.h, line 0, character 0
 ~liftDoor.h
  at file C:\Users\USER\SCADE\LiftDoor\Simulation\kcg_types.h, line 0, character 0
 ~kcg_types.h
  at file C:\Users\USER\SCADE\LiftDoor\Simulation\kcg_consts.h, line 0, character 0
 ~kcg_consts.h
  at file C:\Users\USER\SCADE\LiftDoor\Simulation\kcg_sensors.h, line 0, character 0
 ~kcg_sensors.h
  at file C:\Users\USER\SCADE\LiftDoor\Simulation\kcg_types.c, line 0, character 0
 ~kcg_types.c
  at file C:\Users\USER\SCADE\LiftDoor\Simulation\kcg_consts.c, line 0, character 0
 ~kcg_consts.c
  at file C:\Users\USER\SCADE\LiftDoor\Simulation\config.txt, line 0, character 0
 ~config.txt
*** Generated Files Information (GENFIL): Code Generator Generated files
  at file C:\Users\USER\SCADE\LiftDoor\Simulation\user_macros.h, line 0, character 0
 ~user_macros.h
  at file C:\Users\USER\SCADE\LiftDoor\Simulation\kcg_imported_types.h, line 0, character 0
 ~kcg_imported_types.h
  at file C:\Users\USER\SCADE\LiftDoor\Simulation\sc2c.log, line 0, character 0
 ~sc2c.log
  at file C:\Users\USER\SCADE\LiftDoor\Simulation\sc2c_integration_files.txt, line 0, character 0
 ~sc2c_integration_files.txt
*** Generated Files Information (GENFIL): Type Utils Generated files
  at file C:\Users\USER\SCADE\LiftDoor\Simulation\LiftDoor_type.h, line 0, character 0
 ~LiftDoor_type.h
  at file C:\Users\USER\SCADE\LiftDoor\Simulation\LiftDoor_type.c, line 0, character 0
 ~LiftDoor_type.c
*** Generated Files Information (GENFIL): Mapping Utils Generated files
  at file C:\Users\USER\SCADE\LiftDoor\Simulation\LiftDoor_mapping.h, line 0, character 0
 ~LiftDoor_mapping.h
  at file C:\Users\USER\SCADE\LiftDoor\Simulation\LiftDoor_mapping.c, line 0, character 0
 ~LiftDoor_mapping.c
*** Generated Files Information (GENFIL): Simulator Generated files
  at file C:\Users\USER\SCADE\LiftDoor\Simulation\LiftDoor_interface.h, line 0, character 0
 ~LiftDoor_interface.h
  at file C:\Users\USER\SCADE\LiftDoor\Simulation\LiftDoor_interface.c, line 0, character 0
 ~LiftDoor_interface.c
  at file C:\Users\USER\SCADE\LiftDoor\Simulation\LiftDoor_dll.c, line 0, character 0
 ~LiftDoor_dll.c
*** Generated Files Information (GENFIL): Build Generated files
  at file C:\Users\USER\SCADE\LiftDoor\Simulation\Makefile_win64, line 0, character 0
 ~Makefile_win64
  at file C:\Users\USER\SCADE\LiftDoor\Simulation\liftDoor.dll, line 0, character 0
 ~liftDoor.dll
  at file C:\Users\USER\SCADE\LiftDoor\Simulation\liftDoor.exe, line 0, character 0
 ~liftDoor.exe
$**************  SCADETOC Version 2019 R3 (build 20190802) **************
** Generation date: 2020-01-10T17:37:42
** sc2c.log
*************************************************************$
